<?xml version="1.0" encoding="UTF-8"?>
<testsuite xmlns:xsi="http://www.w3.org/2001/XMLSchema-instance" xsi:noNamespaceSchemaLocation="https://maven.apache.org/surefire/maven-surefire-plugin/xsd/surefire-test-report-3.0.xsd" version="3.0" name="com.example.flink.AppTest" time="0.037" tests="1" errors="0" skipped="0" failures="0">
  <properties>
    <property name="java.specification.version" value="21"/>
    <property name="sun.jnu.encoding" value="UTF-8"/>
    <property name="java.class.path" value="/home/akshat/Desktop/flink_project/my-flink-project/target/test-classes:/home/akshat/Desktop/flink_project/my-flink-project/target/classes:/home/akshat/.m2/repository/org/apache/maven/plugins/maven-jar-plugin/3.3.0/maven-jar-plugin-3.3.0.jar:/home/akshat/.m2/repository/org/apache/maven/shared/file-management/3.1.0/file-management-3.1.0.jar:/home/akshat/.m2/repository/org/apache/maven/maven-archiver/3.6.0/maven-archiver-3.6.0.jar:/home/akshat/.m2/repository/org/codehaus/plexus/plexus-io/3.4.0/plexus-io-3.4.0.jar:/home/akshat/.m2/repository/javax/inject/javax.inject/1/javax.inject-1.jar:/home/akshat/.m2/repository/org/codehaus/plexus/plexus-archiver/4.4.0/plexus-archiver-4.4.0.jar:/home/akshat/.m2/repository/org/iq80/snappy/snappy/0.4/snappy-0.4.jar:/home/akshat/.m2/repository/org/tukaani/xz/1.9/xz-1.9.jar:/home/akshat/.m2/repository/org/codehaus/plexus/plexus-interpolation/1.26/plexus-interpolation-1.26.jar:/home/akshat/.m2/repository/org/codehaus/plexus/plexus-utils/3.4.2/plexus-utils-3.4.2.jar:/home/akshat/.m2/repository/org/postgresql/postgresql/42.7.2/postgresql-42.7.2.jar:/home/akshat/.m2/repository/org/checkerframework/checker-qual/3.42.0/checker-qual-3.42.0.jar:/home/akshat/.m2/repository/org/apache/flink/flink-connector-jdbc/3.1.2-1.18/flink-connector-jdbc-3.1.2-1.18.jar:/home/akshat/.m2/repository/org/apache/flink/flink-connector-kafka/3.1.0-1.18/flink-connector-kafka-3.1.0-1.18.jar:/home/akshat/.m2/repository/org/apache/kafka/kafka-clients/3.4.0/kafka-clients-3.4.0.jar:/home/akshat/.m2/repository/com/github/luben/zstd-jni/1.5.2-1/zstd-jni-1.5.2-1.jar:/home/akshat/.m2/repository/org/lz4/lz4-java/1.8.0/lz4-java-1.8.0.jar:/home/akshat/.m2/repository/org/xerial/snappy/snappy-java/1.1.8.4/snappy-java-1.1.8.4.jar:/home/akshat/.m2/repository/com/google/guava/guava/32.1.2-jre/guava-32.1.2-jre.jar:/home/akshat/.m2/repository/com/google/guava/failureaccess/1.0.1/failureaccess-1.0.1.jar:/home/akshat/.m2/repository/com/google/guava/listenablefuture/9999.0-empty-to-avoid-conflict-with-guava/listenablefuture-9999.0-empty-to-avoid-conflict-with-guava.jar:/home/akshat/.m2/repository/com/google/errorprone/error_prone_annotations/2.18.0/error_prone_annotations-2.18.0.jar:/home/akshat/.m2/repository/com/google/j2objc/j2objc-annotations/2.8/j2objc-annotations-2.8.jar:/home/akshat/.m2/repository/com/fasterxml/jackson/core/jackson-core/2.15.2/jackson-core-2.15.2.jar:/home/akshat/.m2/repository/com/fasterxml/jackson/core/jackson-databind/2.15.2/jackson-databind-2.15.2.jar:/home/akshat/.m2/repository/com/fasterxml/jackson/core/jackson-annotations/2.15.2/jackson-annotations-2.15.2.jar:/home/akshat/.m2/repository/com/fasterxml/jackson/datatype/jackson-datatype-jsr310/2.15.2/jackson-datatype-jsr310-2.15.2.jar:/home/akshat/.m2/repository/com/fasterxml/jackson/datatype/jackson-datatype-jdk8/2.15.2/jackson-datatype-jdk8-2.15.2.jar:/home/akshat/.m2/repository/org/apache/flink/flink-streaming-java/1.18.1/flink-streaming-java-1.18.1.jar:/home/akshat/.m2/repository/org/apache/flink/flink-file-sink-common/1.18.1/flink-file-sink-common-1.18.1.jar:/home/akshat/.m2/repository/org/apache/flink/flink-runtime/1.18.1/flink-runtime-1.18.1.jar:/home/akshat/.m2/repository/org/apache/flink/flink-rpc-core/1.18.1/flink-rpc-core-1.18.1.jar:/home/akshat/.m2/repository/org/apache/flink/flink-rpc-akka-loader/1.18.1/flink-rpc-akka-loader-1.18.1.jar:/home/akshat/.m2/repository/org/apache/flink/flink-queryable-state-client-java/1.18.1/flink-queryable-state-client-java-1.18.1.jar:/home/akshat/.m2/repository/org/apache/flink/flink-hadoop-fs/1.18.1/flink-hadoop-fs-1.18.1.jar:/home/akshat/.m2/repository/org/apache/flink/flink-shaded-netty/4.1.91.Final-17.0/flink-shaded-netty-4.1.91.Final-17.0.jar:/home/akshat/.m2/repository/org/apache/flink/flink-shaded-zookeeper-3/3.7.1-17.0/flink-shaded-zookeeper-3-3.7.1-17.0.jar:/home/akshat/.m2/repository/commons-cli/commons-cli/1.5.0/commons-cli-1.5.0.jar:/home/akshat/.m2/repository/org/javassist/javassist/3.24.0-GA/javassist-3.24.0-GA.jar:/home/akshat/.m2/repository/org/apache/flink/flink-java/1.18.1/flink-java-1.18.1.jar:/home/akshat/.m2/repository/com/twitter/chill-java/0.7.6/chill-java-0.7.6.jar:/home/akshat/.m2/repository/org/apache/flink/flink-shaded-guava/31.1-jre-17.0/flink-shaded-guava-31.1-jre-17.0.jar:/home/akshat/.m2/repository/org/apache/commons/commons-math3/3.6.1/commons-math3-3.6.1.jar:/home/akshat/.m2/repository/org/slf4j/slf4j-api/1.7.36/slf4j-api-1.7.36.jar:/home/akshat/.m2/repository/com/google/code/findbugs/jsr305/1.3.9/jsr305-1.3.9.jar:/home/akshat/.m2/repository/org/apache/flink/flink-core/1.18.1/flink-core-1.18.1.jar:/home/akshat/.m2/repository/org/apache/flink/flink-annotations/1.18.1/flink-annotations-1.18.1.jar:/home/akshat/.m2/repository/org/apache/flink/flink-metrics-core/1.18.1/flink-metrics-core-1.18.1.jar:/home/akshat/.m2/repository/org/apache/flink/flink-shaded-asm-9/9.5-17.0/flink-shaded-asm-9-9.5-17.0.jar:/home/akshat/.m2/repository/org/apache/flink/flink-shaded-jackson/2.14.2-17.0/flink-shaded-jackson-2.14.2-17.0.jar:/home/akshat/.m2/repository/org/apache/commons/commons-lang3/3.12.0/commons-lang3-3.12.0.jar:/home/akshat/.m2/repository/org/apache/commons/commons-text/1.10.0/commons-text-1.10.0.jar:/home/akshat/.m2/repository/com/esotericsoftware/kryo/kryo/2.24.0/kryo-2.24.0.jar:/home/akshat/.m2/repository/com/esotericsoftware/minlog/minlog/1.2/minlog-1.2.jar:/home/akshat/.m2/repository/org/objenesis/objenesis/2.1/objenesis-2.1.jar:/home/akshat/.m2/repository/commons-collections/commons-collections/3.2.2/commons-collections-3.2.2.jar:/home/akshat/.m2/repository/org/apache/commons/commons-compress/1.21/commons-compress-1.21.jar:/home/akshat/.m2/repository/junit/junit/4.11/junit-4.11.jar:/home/akshat/.m2/repository/org/hamcrest/hamcrest-core/1.3/hamcrest-core-1.3.jar:/home/akshat/.m2/repository/org/apache/maven/plugins/maven-shade-plugin/3.5.2/maven-shade-plugin-3.5.2.jar:/home/akshat/.m2/repository/org/codehaus/plexus/plexus-xml/3.0.0/plexus-xml-3.0.0.jar:/home/akshat/.m2/repository/org/ow2/asm/asm/9.6/asm-9.6.jar:/home/akshat/.m2/repository/org/ow2/asm/asm-commons/9.6/asm-commons-9.6.jar:/home/akshat/.m2/repository/org/ow2/asm/asm-tree/9.6/asm-tree-9.6.jar:/home/akshat/.m2/repository/org/jdom/jdom2/2.0.6.1/jdom2-2.0.6.1.jar:/home/akshat/.m2/repository/org/apache/maven/shared/maven-dependency-tree/3.2.1/maven-dependency-tree-3.2.1.jar:/home/akshat/.m2/repository/org/eclipse/aether/aether-util/1.0.0.v20140518/aether-util-1.0.0.v20140518.jar:/home/akshat/.m2/repository/org/eclipse/aether/aether-api/1.0.0.v20140518/aether-api-1.0.0.v20140518.jar:/home/akshat/.m2/repository/commons-io/commons-io/2.13.0/commons-io-2.13.0.jar:/home/akshat/.m2/repository/org/vafer/jdependency/2.10/jdependency-2.10.jar:/home/akshat/.m2/repository/org/apache/commons/commons-collections4/4.4/commons-collections4-4.4.jar:"/>
    <property name="java.vm.vendor" value="Private Build"/>
    <property name="sun.arch.data.model" value="64"/>
    <property name="java.vendor.url" value="Unknown"/>
    <property name="os.name" value="Linux"/>
    <property name="java.vm.specification.version" value="21"/>
    <property name="sun.java.launcher" value="SUN_STANDARD"/>
    <property name="user.country" value="IN"/>
    <property name="sun.boot.library.path" value="/usr/lib/jvm/java-21-openjdk-amd64/lib"/>
    <property name="sun.java.command" value="/home/akshat/Desktop/flink_project/my-flink-project/target/surefire/surefirebooter-20240301032206201_3.jar /home/akshat/Desktop/flink_project/my-flink-project/target/surefire 2024-03-01T03-22-06_145-jvmRun1 surefire-20240301032206201_1tmp surefire_0-20240301032206201_2tmp"/>
    <property name="jdk.debug" value="release"/>
    <property name="surefire.test.class.path" value="/home/akshat/Desktop/flink_project/my-flink-project/target/test-classes:/home/akshat/Desktop/flink_project/my-flink-project/target/classes:/home/akshat/.m2/repository/org/apache/maven/plugins/maven-jar-plugin/3.3.0/maven-jar-plugin-3.3.0.jar:/home/akshat/.m2/repository/org/apache/maven/shared/file-management/3.1.0/file-management-3.1.0.jar:/home/akshat/.m2/repository/org/apache/maven/maven-archiver/3.6.0/maven-archiver-3.6.0.jar:/home/akshat/.m2/repository/org/codehaus/plexus/plexus-io/3.4.0/plexus-io-3.4.0.jar:/home/akshat/.m2/repository/javax/inject/javax.inject/1/javax.inject-1.jar:/home/akshat/.m2/repository/org/codehaus/plexus/plexus-archiver/4.4.0/plexus-archiver-4.4.0.jar:/home/akshat/.m2/repository/org/iq80/snappy/snappy/0.4/snappy-0.4.jar:/home/akshat/.m2/repository/org/tukaani/xz/1.9/xz-1.9.jar:/home/akshat/.m2/repository/org/codehaus/plexus/plexus-interpolation/1.26/plexus-interpolation-1.26.jar:/home/akshat/.m2/repository/org/codehaus/plexus/plexus-utils/3.4.2/plexus-utils-3.4.2.jar:/home/akshat/.m2/repository/org/postgresql/postgresql/42.7.2/postgresql-42.7.2.jar:/home/akshat/.m2/repository/org/checkerframework/checker-qual/3.42.0/checker-qual-3.42.0.jar:/home/akshat/.m2/repository/org/apache/flink/flink-connector-jdbc/3.1.2-1.18/flink-connector-jdbc-3.1.2-1.18.jar:/home/akshat/.m2/repository/org/apache/flink/flink-connector-kafka/3.1.0-1.18/flink-connector-kafka-3.1.0-1.18.jar:/home/akshat/.m2/repository/org/apache/kafka/kafka-clients/3.4.0/kafka-clients-3.4.0.jar:/home/akshat/.m2/repository/com/github/luben/zstd-jni/1.5.2-1/zstd-jni-1.5.2-1.jar:/home/akshat/.m2/repository/org/lz4/lz4-java/1.8.0/lz4-java-1.8.0.jar:/home/akshat/.m2/repository/org/xerial/snappy/snappy-java/1.1.8.4/snappy-java-1.1.8.4.jar:/home/akshat/.m2/repository/com/google/guava/guava/32.1.2-jre/guava-32.1.2-jre.jar:/home/akshat/.m2/repository/com/google/guava/failureaccess/1.0.1/failureaccess-1.0.1.jar:/home/akshat/.m2/repository/com/google/guava/listenablefuture/9999.0-empty-to-avoid-conflict-with-guava/listenablefuture-9999.0-empty-to-avoid-conflict-with-guava.jar:/home/akshat/.m2/repository/com/google/errorprone/error_prone_annotations/2.18.0/error_prone_annotations-2.18.0.jar:/home/akshat/.m2/repository/com/google/j2objc/j2objc-annotations/2.8/j2objc-annotations-2.8.jar:/home/akshat/.m2/repository/com/fasterxml/jackson/core/jackson-core/2.15.2/jackson-core-2.15.2.jar:/home/akshat/.m2/repository/com/fasterxml/jackson/core/jackson-databind/2.15.2/jackson-databind-2.15.2.jar:/home/akshat/.m2/repository/com/fasterxml/jackson/core/jackson-annotations/2.15.2/jackson-annotations-2.15.2.jar:/home/akshat/.m2/repository/com/fasterxml/jackson/datatype/jackson-datatype-jsr310/2.15.2/jackson-datatype-jsr310-2.15.2.jar:/home/akshat/.m2/repository/com/fasterxml/jackson/datatype/jackson-datatype-jdk8/2.15.2/jackson-datatype-jdk8-2.15.2.jar:/home/akshat/.m2/repository/org/apache/flink/flink-streaming-java/1.18.1/flink-streaming-java-1.18.1.jar:/home/akshat/.m2/repository/org/apache/flink/flink-file-sink-common/1.18.1/flink-file-sink-common-1.18.1.jar:/home/akshat/.m2/repository/org/apache/flink/flink-runtime/1.18.1/flink-runtime-1.18.1.jar:/home/akshat/.m2/repository/org/apache/flink/flink-rpc-core/1.18.1/flink-rpc-core-1.18.1.jar:/home/akshat/.m2/repository/org/apache/flink/flink-rpc-akka-loader/1.18.1/flink-rpc-akka-loader-1.18.1.jar:/home/akshat/.m2/repository/org/apache/flink/flink-queryable-state-client-java/1.18.1/flink-queryable-state-client-java-1.18.1.jar:/home/akshat/.m2/repository/org/apache/flink/flink-hadoop-fs/1.18.1/flink-hadoop-fs-1.18.1.jar:/home/akshat/.m2/repository/org/apache/flink/flink-shaded-netty/4.1.91.Final-17.0/flink-shaded-netty-4.1.91.Final-17.0.jar:/home/akshat/.m2/repository/org/apache/flink/flink-shaded-zookeeper-3/3.7.1-17.0/flink-shaded-zookeeper-3-3.7.1-17.0.jar:/home/akshat/.m2/repository/commons-cli/commons-cli/1.5.0/commons-cli-1.5.0.jar:/home/akshat/.m2/repository/org/javassist/javassist/3.24.0-GA/javassist-3.24.0-GA.jar:/home/akshat/.m2/repository/org/apache/flink/flink-java/1.18.1/flink-java-1.18.1.jar:/home/akshat/.m2/repository/com/twitter/chill-java/0.7.6/chill-java-0.7.6.jar:/home/akshat/.m2/repository/org/apache/flink/flink-shaded-guava/31.1-jre-17.0/flink-shaded-guava-31.1-jre-17.0.jar:/home/akshat/.m2/repository/org/apache/commons/commons-math3/3.6.1/commons-math3-3.6.1.jar:/home/akshat/.m2/repository/org/slf4j/slf4j-api/1.7.36/slf4j-api-1.7.36.jar:/home/akshat/.m2/repository/com/google/code/findbugs/jsr305/1.3.9/jsr305-1.3.9.jar:/home/akshat/.m2/repository/org/apache/flink/flink-core/1.18.1/flink-core-1.18.1.jar:/home/akshat/.m2/repository/org/apache/flink/flink-annotations/1.18.1/flink-annotations-1.18.1.jar:/home/akshat/.m2/repository/org/apache/flink/flink-metrics-core/1.18.1/flink-metrics-core-1.18.1.jar:/home/akshat/.m2/repository/org/apache/flink/flink-shaded-asm-9/9.5-17.0/flink-shaded-asm-9-9.5-17.0.jar:/home/akshat/.m2/repository/org/apache/flink/flink-shaded-jackson/2.14.2-17.0/flink-shaded-jackson-2.14.2-17.0.jar:/home/akshat/.m2/repository/org/apache/commons/commons-lang3/3.12.0/commons-lang3-3.12.0.jar:/home/akshat/.m2/repository/org/apache/commons/commons-text/1.10.0/commons-text-1.10.0.jar:/home/akshat/.m2/repository/com/esotericsoftware/kryo/kryo/2.24.0/kryo-2.24.0.jar:/home/akshat/.m2/repository/com/esotericsoftware/minlog/minlog/1.2/minlog-1.2.jar:/home/akshat/.m2/repository/org/objenesis/objenesis/2.1/objenesis-2.1.jar:/home/akshat/.m2/repository/commons-collections/commons-collections/3.2.2/commons-collections-3.2.2.jar:/home/akshat/.m2/repository/org/apache/commons/commons-compress/1.21/commons-compress-1.21.jar:/home/akshat/.m2/repository/junit/junit/4.11/junit-4.11.jar:/home/akshat/.m2/repository/org/hamcrest/hamcrest-core/1.3/hamcrest-core-1.3.jar:/home/akshat/.m2/repository/org/apache/maven/plugins/maven-shade-plugin/3.5.2/maven-shade-plugin-3.5.2.jar:/home/akshat/.m2/repository/org/codehaus/plexus/plexus-xml/3.0.0/plexus-xml-3.0.0.jar:/home/akshat/.m2/repository/org/ow2/asm/asm/9.6/asm-9.6.jar:/home/akshat/.m2/repository/org/ow2/asm/asm-commons/9.6/asm-commons-9.6.jar:/home/akshat/.m2/repository/org/ow2/asm/asm-tree/9.6/asm-tree-9.6.jar:/home/akshat/.m2/repository/org/jdom/jdom2/2.0.6.1/jdom2-2.0.6.1.jar:/home/akshat/.m2/repository/org/apache/maven/shared/maven-dependency-tree/3.2.1/maven-dependency-tree-3.2.1.jar:/home/akshat/.m2/repository/org/eclipse/aether/aether-util/1.0.0.v20140518/aether-util-1.0.0.v20140518.jar:/home/akshat/.m2/repository/org/eclipse/aether/aether-api/1.0.0.v20140518/aether-api-1.0.0.v20140518.jar:/home/akshat/.m2/repository/commons-io/commons-io/2.13.0/commons-io-2.13.0.jar:/home/akshat/.m2/repository/org/vafer/jdependency/2.10/jdependency-2.10.jar:/home/akshat/.m2/repository/org/apache/commons/commons-collections4/4.4/commons-collections4-4.4.jar:"/>
    <property name="sun.cpu.endian" value="little"/>
    <property name="user.home" value="/home/akshat"/>
    <property name="user.language" value="en"/>
    <property name="java.specification.vendor" value="Oracle Corporation"/>
    <property name="java.version.date" value="2024-01-16"/>
    <property name="java.home" value="/usr/lib/jvm/java-21-openjdk-amd64"/>
    <property name="file.separator" value="/"/>
    <property name="basedir" value="/home/akshat/Desktop/flink_project/my-flink-project"/>
    <property name="java.vm.compressedOopsMode" value="32-bit"/>
    <property name="line.separator" value="&#10;"/>
    <property name="java.specification.name" value="Java Platform API Specification"/>
    <property name="java.vm.specification.vendor" value="Oracle Corporation"/>
    <property name="surefire.real.class.path" value="/home/akshat/Desktop/flink_project/my-flink-project/target/surefire/surefirebooter-20240301032206201_3.jar"/>
    <property name="sun.management.compiler" value="HotSpot 64-Bit Tiered Compilers"/>
    <property name="java.runtime.version" value="21.0.2+13-Ubuntu-123.10.1"/>
    <property name="user.name" value="akshat"/>
    <property name="stdout.encoding" value="UTF-8"/>
    <property name="path.separator" value=":"/>
    <property name="os.version" value="6.5.0-21-generic"/>
    <property name="java.runtime.name" value="OpenJDK Runtime Environment"/>
    <property name="file.encoding" value="UTF-8"/>
    <property name="java.vm.name" value="OpenJDK 64-Bit Server VM"/>
    <property name="localRepository" value="/home/akshat/.m2/repository"/>
    <property name="java.vendor.url.bug" value="Unknown"/>
    <property name="java.io.tmpdir" value="/tmp"/>
    <property name="java.version" value="21.0.2"/>
    <property name="user.dir" value="/home/akshat/Desktop/flink_project/my-flink-project"/>
    <property name="os.arch" value="amd64"/>
    <property name="java.vm.specification.name" value="Java Virtual Machine Specification"/>
    <property name="native.encoding" value="UTF-8"/>
    <property name="java.library.path" value="/usr/java/packages/lib:/usr/lib/x86_64-linux-gnu/jni:/lib/x86_64-linux-gnu:/usr/lib/x86_64-linux-gnu:/usr/lib/jni:/lib:/usr/lib"/>
    <property name="java.vm.info" value="mixed mode, sharing"/>
    <property name="stderr.encoding" value="UTF-8"/>
    <property name="java.vendor" value="Private Build"/>
    <property name="java.vm.version" value="21.0.2+13-Ubuntu-123.10.1"/>
    <property name="sun.io.unicode.encoding" value="UnicodeLittle"/>
    <property name="java.class.version" value="65.0"/>
  </properties>
  <testcase name="testApp" classname="com.example.flink.AppTest" time="0.003"/>
</testsuite>